<?xml version="1.0" encoding="UTF-8"?>
<!-- Generated by org.testng.reporters.JUnitReportReporter -->
<testsuite hostname="LAPTOP-BDN76LE5" failures="0" tests="3" name="com.testcases.TestcasesForLogin" time="37.306" errors="0" timestamp="09 Dec 2022 12:11:00 GMT" skipped="0">
  <testcase classname="com.testcases.TestcasesForLogin" name="checkTitle" time="1.997"/>
  <testcase classname="com.testcases.TestcasesForLogin" name="CheckValidCredentials" time="18.837"/>
  <testcase classname="com.testcases.TestcasesForLogin" name="Check_RegisterNewLink" time="16.472"/>
</testsuite> <!-- com.testcases.TestcasesForLogin -->
