<?xml version="1.0" encoding="UTF-8"?>
<!-- Generated by org.testng.reporters.JUnitReportReporter -->
<testsuite hostname="LAPTOP-BDN76LE5" failures="0" tests="1" name="com.testcases.TestcasesForAddUser" time="0.000" errors="0" timestamp="09 Dec 2022 12:11:00 GMT" skipped="0">
  <testcase classname="com.testcases.TestcasesForAddUser" name="TestD001" time="0.000"/>
</testsuite> <!-- com.testcases.TestcasesForAddUser -->
